[2025-03-20 08:45:23] [AuthService] [INFO]: User login successful for user_id=jsmith42
[2025-03-20 08:46:12] [PaymentService] [ERROR]: Database connection timeout after 30s
[2025-03-20 08:47:01] [TRANSACTION] [PaymentService]: TRANSACTION: user=jsmith42, txn_id=TXN-20250320-A12345, amount=$125.99, status=SUCCESS
[2025-03-20 08:47:15] [PaymentService] [INFO]: Payment processed successfully for order #ORD98765
[2025-03-20 08:48:22] [InventoryService] [WARN]: Low stock alert for product SKU-78901, remaining: 5 units
[2025-03-20 08:49:30] [ShippingService] [INFO]: Shipping label generated for order #ORD98765
[2025-03-20 08:50:45] [TRANSACTION] [PaymentService]: TRANSACTION: user=agarcia75, txn_id=TXN-20250320-B67890, amount=$89.50, status=FAILED
[2025-03-20 08:51:12] [PaymentService] [ERROR]: Payment verification failed for transaction TXN-20250320-B67890
[2025-03-20 08:52:27] [NotificationService] [INFO]: Payment failure notification sent to user agarcia75
[2025-03-20 08:53:41] [TRANSACTION] [PaymentService]: TRANSACTION: user=agarcia75, txn_id=TXN-20250320-C12345, amount=$89.50, status=SUCCESS
[2025-03-20 08:54:18] [InventoryService] [INFO]: Inventory updated for order #ORD98766
[2025-03-20 08:55:33] [ShippingService] [DEBUG]: Calculating shipping rates for postal code 94105
[2025-03-20 08:56:49] [ShippingService] [INFO]: Shipping label generated for order #ORD98766
[2025-03-20 08:57:56] [TRANSACTION] [PaymentService]: TRANSACTION: user=bwilson33, txn_id=TXN-20250320-D54321, amount=$212.75, status=SUCCESS
[2025-03-20 08:58:22] [InventoryService] [ERROR]: Failed to decrement inventory for SKU-24680, database constraint violation
[2025-03-20 08:59:14] [NotificationService] [INFO]: Order confirmation sent to user bwilson33
[2025-03-20 09:00:28] [TRANSACTION] [RefundService]: TRANSACTION: user=mpark99, txn_id=TXN-20250320-E98765, amount=$45.00, status=SUCCESS
[2025-03-20 09:01:35] [CustomerService] [INFO]: New support ticket created: TKT-20250320-112233
[2025-03-20 09:02:47] [TRANSACTION] [PaymentService]: TRANSACTION: user=tlee88, txn_id=TXN-20250320-F13579, amount=$299.99, status=PENDING
[2025-03-20 09:03:19] [PaymentService] [WARN]: Payment verification taking longer than expected for transaction TXN-20250320-F13579
[2025-03-20 09:04:26] [TRANSACTION] [PaymentService]: TRANSACTION: user=tlee88, txn_id=TXN-20250320-F13579, amount=$299.99, status=SUCCESS